▲ Next.js 16.2.11 (Turbopack)
- Local:         http://localhost:3000
- Network:       http://0.0.0.0:3000
✓ Ready in 7.9s
Creating turbopack project { dir: 'E:\\LUCY-LMS\\frontend', testMode: true }

 GET / 200 in 2.7s (next.js: 1364ms, application-code: 1324ms)
 GET / 200 in 408ms (next.js: 14ms, application-code: 394ms)
 GET /rooms 200 in 604ms (next.js: 98ms, application-code: 506ms)
 GET /rooms 200 in 378ms (next.js: 28ms, application-code: 350ms)
 GET /rooms 200 in 228ms (next.js: 10ms, application-code: 218ms)
 GET /rooms 200 in 224ms (next.js: 10ms, application-code: 213ms)
 GET /rooms 200 in 229ms (next.js: 9ms, application-code: 220ms)
 GET /podcasts 200 in 288ms (next.js: 193ms, application-code: 96ms)
 GET / 200 in 359ms (next.js: 18ms, application-code: 340ms)
 GET /rooms 200 in 706ms (next.js: 175ms, application-code: 531ms)
 GET /rooms 200 in 363ms (next.js: 14ms, application-code: 349ms)
 GET /rooms 200 in 266ms (next.js: 10ms, application-code: 255ms)
 GET /rooms 200 in 367ms (next.js: 30ms, application-code: 337ms)
 GET /rooms 200 in 207ms (next.js: 9ms, application-code: 198ms)
 GET /rooms 200 in 206ms (next.js: 11ms, application-code: 195ms)
 GET /rooms 200 in 227ms (next.js: 11ms, application-code: 216ms)
 GET / 200 in 392ms (next.js: 10ms, application-code: 383ms)
 GET /podcasts 200 in 62ms (next.js: 9ms, application-code: 53ms)
 GET /profile/2 200 in 3.1s (next.js: 3.0s, application-code: 110ms)
 GET /podcasts 200 in 47ms (next.js: 6ms, application-code: 41ms)
 GET /rooms 200 in 165ms (next.js: 12ms, application-code: 153ms)
 GET / 200 in 479ms (next.js: 13ms, application-code: 466ms)
 GET /rooms?roomCode=LUCY-79BD5953 200 in 124ms (next.js: 6ms, application-code: 118ms)
 GET / 200 in 317ms (next.js: 9ms, application-code: 308ms)
 GET /profile/3 200 in 74ms (next.js: 21ms, application-code: 53ms)
 GET /rooms 200 in 202ms (next.js: 10ms, application-code: 192ms)
 GET / 200 in 545ms (next.js: 33ms, application-code: 513ms)
 GET /auth 200 in 575ms (next.js: 204ms, application-code: 371ms)
 GET /auth 200 in 254ms (next.js: 52ms, application-code: 202ms)
 GET / 200 in 399ms (next.js: 7ms, application-code: 392ms)
 GET / 200 in 298ms (next.js: 10ms, application-code: 287ms)
 GET / 200 in 39ms (next.js: 11ms, application-code: 28ms)
 GET / 200 in 202ms (next.js: 9ms, application-code: 194ms)
 GET /rooms 200 in 128ms (next.js: 7ms, application-code: 120ms)
 GET /profile/2 200 in 37ms (next.js: 13ms, application-code: 24ms)
 GET /profile/4 200 in 94ms (next.js: 19ms, application-code: 75ms)
 GET /podcasts 200 in 28ms (next.js: 4ms, application-code: 24ms)
 GET /profile/4 200 in 37ms (next.js: 12ms, application-code: 25ms)
 GET /podcasts 200 in 21ms (next.js: 3ms, application-code: 18ms)
 GET /rooms 200 in 105ms (next.js: 5ms, application-code: 100ms)
 GET /podcasts 200 in 30ms (next.js: 4ms, application-code: 26ms)
 GET /profile/4 200 in 35ms (next.js: 11ms, application-code: 24ms)
 GET /rooms 200 in 85ms (next.js: 4ms, application-code: 81ms)
 GET /rooms 200 in 234ms (next.js: 4ms, application-code: 231ms)
 GET / 200 in 154ms (next.js: 6ms, application-code: 148ms)
 GET /rooms?roomCode=LUCY-4E5791B1 200 in 115ms (next.js: 3ms, application-code: 112ms)
 GET / 200 in 160ms (next.js: 10ms, application-code: 150ms)
 GET / 200 in 222ms (next.js: 3ms, application-code: 218ms)
 GET /rooms?roomCode=LUCY-4E5791B1 200 in 93ms (next.js: 5ms, application-code: 88ms)
 GET /podcasts 200 in 26ms (next.js: 4ms, application-code: 22ms)
 GET /profile/2 200 in 37ms (next.js: 12ms, application-code: 25ms)
 GET / 200 in 147ms (next.js: 4ms, application-code: 143ms)
 GET /rooms 200 in 84ms (next.js: 4ms, application-code: 81ms)
 GET /rooms 200 in 181ms (next.js: 5ms, application-code: 176ms)
 GET /profile/4 200 in 130ms (next.js: 21ms, application-code: 109ms)
 GET /podcasts 200 in 25ms (next.js: 3ms, application-code: 22ms)
 GET / 200 in 125ms (next.js: 4ms, application-code: 121ms)
 GET /podcasts 200 in 31ms (next.js: 3ms, application-code: 28ms)
 GET /rooms 200 in 83ms (next.js: 5ms, application-code: 79ms)
 GET / 200 in 164ms (next.js: 3ms, application-code: 160ms)
 GET /profile/4 200 in 97ms (next.js: 14ms, application-code: 83ms)
 GET /rooms 200 in 142ms (next.js: 6ms, application-code: 137ms)
 GET /profile/4 200 in 49ms (next.js: 13ms, application-code: 36ms)
 GET / 200 in 236ms (next.js: 7ms, application-code: 229ms)
 GET / 200 in 22ms (next.js: 9ms, application-code: 14ms)
 GET / 200 in 145ms (next.js: 3ms, application-code: 141ms)
 GET /rooms?roomCode=LUCY-D4198292 200 in 89ms (next.js: 4ms, application-code: 85ms)
 GET / 200 in 174ms (next.js: 7ms, application-code: 168ms)
 GET /rooms 200 in 146ms (next.js: 6ms, application-code: 140ms)
 GET /profile/2 200 in 63ms (next.js: 15ms, application-code: 48ms)
 GET /rooms 200 in 178ms (next.js: 53ms, application-code: 125ms)
 GET / 200 in 175ms (next.js: 7ms, application-code: 168ms)
 GET /rooms?roomCode=LUCY-A88CFF9D 200 in 118ms (next.js: 5ms, application-code: 112ms)
 GET /profile/4 200 in 87ms (next.js: 23ms, application-code: 64ms)
 GET /auth 200 in 77ms (next.js: 10ms, application-code: 67ms)
 GET /auth 200 in 99ms (next.js: 11ms, application-code: 88ms)
 GET /profile/3 200 in 45ms (next.js: 16ms, application-code: 29ms)
 GET /profile/4 200 in 180ms (next.js: 13ms, application-code: 167ms)
 GET /auth 200 in 107ms (next.js: 24ms, application-code: 84ms)
